2020-03-03 18:51:54.435  INFO 12076 --- [restartedMain] c.study.community.CommunityApplication   : Starting CommunityApplication on VRFA6KAZII961HJ with PID 12076 (D:\Java-learning\community\target\classes started by Administrator in D:\Java-learning\community)
2020-03-03 18:51:54.440  INFO 12076 --- [restartedMain] c.study.community.CommunityApplication   : No active profile set, falling back to default profiles: default
2020-03-03 18:51:54.622  WARN 12076 --- [background-preinit] o.s.h.c.j.Jackson2ObjectMapperBuilder    : For Jackson Kotlin classes support please add "com.fasterxml.jackson.module:jackson-module-kotlin" to the classpath
2020-03-03 18:51:54.745  INFO 12076 --- [restartedMain] .e.DevToolsPropertyDefaultsPostProcessor : Devtools property defaults active! Set 'spring.devtools.add-properties' to 'false' to disable
2020-03-03 18:51:54.780  INFO 12076 --- [restartedMain] .e.DevToolsPropertyDefaultsPostProcessor : For additional web related logging consider setting the 'logging.level.web' property to 'DEBUG'
2020-03-03 18:51:59.807 ERROR 12076 --- [restartedMain] o.a.catalina.core.AprLifecycleListener   : An incompatible version [1.1.33] of the APR based Apache Tomcat Native library is installed, while Tomcat requires version [1.2.14]
2020-03-03 18:52:00.583 ERROR 12076 --- [restartedMain] o.a.catalina.core.AprLifecycleListener   : An incompatible version [1.1.33] of the APR based Apache Tomcat Native library is installed, while Tomcat requires version [1.2.14]
2020-03-03 18:52:01.244  INFO 12076 --- [restartedMain] o.s.b.w.embedded.tomcat.TomcatWebServer  : Tomcat initialized with port(s): 8887 (http)
2020-03-03 18:52:01.263 ERROR 12076 --- [restartedMain] o.a.catalina.core.AprLifecycleListener   : An incompatible version [1.1.33] of the APR based Apache Tomcat Native library is installed, while Tomcat requires version [1.2.14]
2020-03-03 18:52:01.264  INFO 12076 --- [restartedMain] o.apache.catalina.core.StandardService   : Starting service [Tomcat]
2020-03-03 18:52:01.265  INFO 12076 --- [restartedMain] org.apache.catalina.core.StandardEngine  : Starting Servlet engine: [Apache Tomcat/9.0.29]
2020-03-03 18:52:01.833  INFO 12076 --- [restartedMain] o.a.c.c.C.[Tomcat].[localhost].[/]       : Initializing Spring embedded WebApplicationContext
2020-03-03 18:52:01.834  INFO 12076 --- [restartedMain] o.s.web.context.ContextLoader            : Root WebApplicationContext: initialization completed in 7053 ms
2020-03-03 18:52:02.083  INFO 12076 --- [restartedMain] com.zaxxer.hikari.HikariDataSource       : HikariPool-1 - Starting...
2020-03-03 18:52:03.099  INFO 12076 --- [restartedMain] com.zaxxer.hikari.HikariDataSource       : HikariPool-1 - Start completed.
2020-03-03 18:52:03.113  INFO 12076 --- [restartedMain] o.s.b.a.h2.H2ConsoleAutoConfiguration    : H2 console available at '/h2-console'. Database available at 'jdbc:h2:~/community'
2020-03-03 18:52:09.493  INFO 12076 --- [restartedMain] o.s.s.concurrent.ThreadPoolTaskExecutor  : Initializing ExecutorService 'applicationTaskExecutor'
2020-03-03 18:52:09.745  INFO 12076 --- [restartedMain] o.s.b.a.w.s.WelcomePageHandlerMapping    : Adding welcome page template: index
2020-03-03 18:52:10.860  INFO 12076 --- [restartedMain] o.s.b.d.a.OptionalLiveReloadServer       : LiveReload server is running on port 35729
2020-03-03 18:52:12.573  INFO 12076 --- [restartedMain] o.s.b.w.embedded.tomcat.TomcatWebServer  : Tomcat started on port(s): 8887 (http) with context path ''
2020-03-03 18:52:12.597  INFO 12076 --- [restartedMain] c.study.community.CommunityApplication   : Started CommunityApplication in 20.754 seconds (JVM running for 27.682)
